<?xml version="1.0" encoding="UTF-8"?>
<testng-results ignored="0" total="1" passed="1" failed="0" skipped="0">
  <reporter-output>
    <line>
      <![CDATA[Get in touch is visible true]]>
    </line>
  </reporter-output>
  <suite started-at="2023-07-09T01:17:33 EDT" name="Suite" finished-at="2023-07-09T01:17:53 EDT" duration-ms="20209">
    <groups>
    </groups>
    <test started-at="2023-07-09T01:17:33 EDT" name="Test" finished-at="2023-07-09T01:17:53 EDT" duration-ms="20209">
      <class name="test.ContactUsFormTest">
        <test-method is-config="true" signature="beforeTest(java.lang.String,java.lang.String)[pri:0, instance:test.ContactUsFormTest@647fd8ce]" started-at="2023-07-09T01:17:33 EDT" name="beforeTest" finished-at="2023-07-09T01:17:45 EDT" duration-ms="12654" status="PASS">
          <params>
            <param index="0">
              <value>
                <![CDATA[chrome]]>
              </value>
            </param>
            <param index="1">
              <value>
                <![CDATA[https://www.automationexercise.com]]>
              </value>
            </param>
          </params>
          <reporter-output>
          </reporter-output>
        </test-method> <!-- beforeTest -->
        <test-method signature="contactUs(java.lang.String,java.lang.String,java.lang.String,java.lang.String)[pri:0, instance:test.ContactUsFormTest@647fd8ce]" started-at="2023-07-09T01:17:46 EDT" name="contactUs" finished-at="2023-07-09T01:17:53 EDT" duration-ms="7523" status="PASS">
          <params>
            <param index="0">
              <value>
                <![CDATA[Mia]]>
              </value>
            </param>
            <param index="1">
              <value>
                <![CDATA[miaqapro@gmail.com]]>
              </value>
            </param>
            <param index="2">
              <value>
                <![CDATA[I work as QA automation engineer in a big company]]>
              </value>
            </param>
            <param index="3">
              <value>
                <![CDATA[I work in a big company.I make $10000 per month from home]]>
              </value>
            </param>
          </params>
          <reporter-output>
            <line>
              <![CDATA[Get in touch is visible true]]>
            </line>
          </reporter-output>
        </test-method> <!-- contactUs -->
      </class> <!-- test.ContactUsFormTest -->
    </test> <!-- Test -->
  </suite> <!-- Suite -->
</testng-results>
